{
  "RSpec": {
    "coverage": {
      "/Users/makerslaptop11/Projects/takeaway-challenge/lib/cart.rb": [
        1,
        null,
        1,
        null,
        1,
        3,
        3,
        3,
        null,
        null,
        1,
        1,
        null,
        null,
        null
      ],
      "/Users/makerslaptop11/Projects/takeaway-challenge/spec/customer_spec.rb": [
        1,
        1,
        1,
        null,
        1,
        null,
        3,
        null,
        1,
        1,
        null,
        null,
        1,
        1,
        null,
        null,
        null
      ],
      "/Users/makerslaptop11/Projects/takeaway-challenge/lib/customer.rb": [
        1,
        null,
        1,
        null,
        1,
        2,
        2,
        null,
        null,
        null
      ],
      "/Users/makerslaptop11/Projects/takeaway-challenge/spec/dish_spec.rb": [
        1,
        1,
        1,
        null,
        1,
        null,
        3,
        null,
        1,
        1,
        null,
        null,
        1,
        1,
        null,
        null,
        null
      ],
      "/Users/makerslaptop11/Projects/takeaway-challenge/lib/dish.rb": [
        1,
        null,
        1,
        null,
        1,
        2,
        2,
        null,
        null,
        null
      ],
      "/Users/makerslaptop11/Projects/takeaway-challenge/spec/menu_spec.rb": [
        1,
        1,
        1,
        null,
        1,
        null,
        3,
        null,
        1,
        1,
        null,
        null,
        1,
        1,
        null,
        null,
        null
      ],
      "/Users/makerslaptop11/Projects/takeaway-challenge/lib/menu.rb": [
        1,
        null,
        1,
        null,
        1,
        2,
        null,
        null,
        1,
        1,
        null,
        null,
        null
      ],
      "/Users/makerslaptop11/Projects/takeaway-challenge/spec/order_spec.rb": [
        1,
        1,
        1,
        null,
        1,
        null,
        5,
        3,
        2,
        2,
        null,
        1,
        1,
        null,
        null,
        1,
        1,
        null,
        null,
        1,
        1,
        1,
        null,
        null,
        1,
        1,
        1,
        1,
        1,
        1,
        null,
        null,
        null
      ],
      "/Users/makerslaptop11/Projects/takeaway-challenge/lib/order.rb": [
        1,
        null,
        1,
        null,
        1,
        4,
        4,
        4,
        null,
        null,
        1,
        4,
        null,
        null,
        1,
        4,
        null,
        null,
        null
      ],
      "/Users/makerslaptop11/Projects/takeaway-challenge/spec/takeaway_spec.rb": [
        1,
        1,
        1,
        null,
        1,
        null,
        4,
        4,
        4,
        null,
        1,
        1,
        null,
        null,
        1,
        1,
        null,
        null,
        1,
        1,
        1,
        1,
        null,
        null,
        null
      ],
      "/Users/makerslaptop11/Projects/takeaway-challenge/lib/takeaway.rb": [
        null,
        1,
        null,
        1,
        null,
        1,
        null,
        1,
        3,
        3,
        null,
        null,
        1,
        0,
        0,
        0,
        null,
        0,
        null,
        null,
        0,
        null,
        null,
        null
      ]
    },
    "timestamp": 1424089785
  }
}
